06:22:52 [INFO] run_pipeline: ============================================================
06:22:52 [INFO] run_pipeline: STAGE 1: ASR transcription
06:22:52 [INFO] run_pipeline: ============================================================
06:22:52 [INFO] stage1_asr: Video duration=153.7s, transcribing 153.7s (FULL RUN)
06:22:53 [WARNING] stage1_asr: C0362.MP4 has no audio stream (silent b-roll); saving an empty transcript.
06:22:53 [INFO] run_pipeline: ------------------------------------------------------------
06:22:53 [INFO] run_pipeline: STAGE 1b: Terminology/unit correction
06:22:53 [INFO] run_pipeline: ------------------------------------------------------------
06:22:53 [INFO] stage1b_correct_terminology: Applied 0 correction(s) across 0 segments -> D:\Data\6.QJX\妗桄弝け煦昴\-\video_kg_pipeline\outputs_batch\R10_1Cell_0362\01b_transcript_corrected.json
06:22:53 [INFO] run_pipeline: ============================================================
06:22:53 [INFO] run_pipeline: STAGE 2: Triple extraction
06:22:53 [INFO] run_pipeline: ============================================================
06:22:53 [INFO] stage2_extract: Reading transcript from 01b_transcript_corrected.json
06:22:53 [INFO] stage2_extract: Saved 0 triples -> D:\Data\6.QJX\妗桄弝け煦昴\-\video_kg_pipeline\outputs_batch\R10_1Cell_0362\02_triples.json
06:22:53 [INFO] stage2_extract: --- Sample triples ---
06:22:53 [INFO] run_pipeline: ============================================================
06:22:53 [INFO] run_pipeline: STAGE 3: Keyframe localization
06:22:53 [INFO] run_pipeline: ============================================================
06:22:53 [INFO] stage3_keyframes: Triple candidates + keyword candidates: 0
06:22:53 [INFO] stage3_keyframes: Semantic-shift candidates: 0
06:22:53 [INFO] stage3_keyframes: Merged into 0 keyframe timestamps (merge window=3.0s)
06:22:53 [INFO] stage3_keyframes: Saved -> D:\Data\6.QJX\妗桄弝け煦昴\-\video_kg_pipeline\outputs_batch\R10_1Cell_0362\03_keyframe_timestamps.json
06:22:53 [INFO] stage3_keyframes: --- Sample keyframes ---
06:22:53 [INFO] run_pipeline: ============================================================
06:22:53 [INFO] run_pipeline: STAGE 4: Visual analysis
06:22:53 [INFO] run_pipeline: ============================================================
06:22:53 [INFO] stage4_visual: Saved 0 visual evidence entries -> D:\Data\6.QJX\妗桄弝け煦昴\-\video_kg_pipeline\outputs_batch\R10_1Cell_0362\04_visual_evidence.json
06:22:53 [INFO] stage4_visual: --- Sample visual evidence ---
06:22:53 [INFO] run_pipeline: ============================================================
06:22:53 [INFO] run_pipeline: STAGE 5: Knowledge graph binding
06:22:53 [INFO] run_pipeline: ============================================================
06:22:53 [INFO] stage5_bind: Saved 0 knowledge-graph nodes -> D:\Data\6.QJX\妗桄弝け煦昴\-\video_kg_pipeline\outputs_batch\R10_1Cell_0362\05_knowledge_graph.json
06:22:53 [INFO] stage5_bind: --- Summary: 0 nodes, 0 conflicts flagged ---
06:22:53 [INFO] run_pipeline: ============================================================
06:22:53 [INFO] run_pipeline: STAGE 6: Knowledge graph visualization (optional)
06:22:53 [INFO] run_pipeline: ============================================================
06:22:53 [INFO] stage6_visualize_kg: Graph built: 0 nodes, 0 edges
06:22:54 [INFO] stage6_visualize_kg: Saved static PNG -> D:\Data\6.QJX\妗桄弝け煦昴\-\video_kg_pipeline\outputs_batch\R10_1Cell_0362\knowledge_graph.png
06:22:54 [INFO] stage6_visualize_kg: Saved interactive HTML -> D:\Data\6.QJX\妗桄弝け煦昴\-\video_kg_pipeline\outputs_batch\R10_1Cell_0362\knowledge_graph.html
06:22:54 [INFO] run_pipeline: Pipeline complete.
