05:47:06 [INFO] run_pipeline: ============================================================
05:47:06 [INFO] run_pipeline: STAGE 1: ASR transcription
05:47:06 [INFO] run_pipeline: ============================================================
05:47:06 [INFO] stage1_asr: Video duration=9.3s, transcribing 9.3s (FULL RUN)
05:47:06 [INFO] stage1_asr: Extracting audio chunk [0.0, 9.3)s -> chunk_000000.mp3
05:47:06 [INFO] stage1_asr: Transcribing chunk chunk_000000.mp3 (73.9 KB)...
05:47:10 [INFO] httpx: HTTP Request: POST https://api.vectorengine.cn/v1/audio/transcriptions "HTTP/1.1 200 OK"
05:47:10 [INFO] stage1_asr: Saved 1 transcript segments -> D:\Data\6.QJX\妗桄弝け煦昴\-\video_kg_pipeline\outputs_batch\R4_1Cell_004\01_transcript.json
05:47:10 [INFO] stage1_asr: --- Sanity check: first 5 segments ---
05:47:10 [INFO] stage1_asr: [  0.00 -   9.28] MC 85
05:47:10 [INFO] run_pipeline: ------------------------------------------------------------
05:47:10 [INFO] run_pipeline: STAGE 1b: Terminology/unit correction
05:47:10 [INFO] run_pipeline: ------------------------------------------------------------
05:47:10 [INFO] stage1b_correct_terminology: Applied 0 correction(s) across 1 segments -> D:\Data\6.QJX\妗桄弝け煦昴\-\video_kg_pipeline\outputs_batch\R4_1Cell_004\01b_transcript_corrected.json
05:47:10 [INFO] run_pipeline: ============================================================
05:47:10 [INFO] run_pipeline: STAGE 2: Triple extraction
05:47:10 [INFO] run_pipeline: ============================================================
05:47:10 [INFO] stage2_extract: Reading transcript from 01b_transcript_corrected.json
05:47:10 [INFO] stage2_extract: Extracting triples from segments 0-0...
05:47:52 [INFO] httpx: HTTP Request: POST https://api.vectorengine.cn/v1/chat/completions "HTTP/1.1 200 OK"
05:47:52 [INFO] stage2_extract: Saved 0 triples -> D:\Data\6.QJX\妗桄弝け煦昴\-\video_kg_pipeline\outputs_batch\R4_1Cell_004\02_triples.json
05:47:52 [INFO] stage2_extract: --- Sample triples ---
05:47:52 [INFO] run_pipeline: ============================================================
05:47:52 [INFO] run_pipeline: STAGE 3: Keyframe localization
05:47:52 [INFO] run_pipeline: ============================================================
05:47:52 [INFO] stage3_keyframes: Triple candidates + keyword candidates: 0
05:47:52 [INFO] stage3_keyframes: Semantic-shift candidates: 0
05:47:52 [INFO] stage3_keyframes: Merged into 0 keyframe timestamps (merge window=3.0s)
05:47:52 [INFO] stage3_keyframes: Saved -> D:\Data\6.QJX\妗桄弝け煦昴\-\video_kg_pipeline\outputs_batch\R4_1Cell_004\03_keyframe_timestamps.json
05:47:53 [INFO] stage3_keyframes: --- Sample keyframes ---
05:47:53 [INFO] run_pipeline: ============================================================
05:47:53 [INFO] run_pipeline: STAGE 4: Visual analysis
05:47:53 [INFO] run_pipeline: ============================================================
05:47:53 [INFO] stage4_visual: Saved 0 visual evidence entries -> D:\Data\6.QJX\妗桄弝け煦昴\-\video_kg_pipeline\outputs_batch\R4_1Cell_004\04_visual_evidence.json
05:47:53 [INFO] stage4_visual: --- Sample visual evidence ---
05:47:53 [INFO] run_pipeline: ============================================================
05:47:53 [INFO] run_pipeline: STAGE 5: Knowledge graph binding
05:47:53 [INFO] run_pipeline: ============================================================
05:47:53 [INFO] stage5_bind: Saved 0 knowledge-graph nodes -> D:\Data\6.QJX\妗桄弝け煦昴\-\video_kg_pipeline\outputs_batch\R4_1Cell_004\05_knowledge_graph.json
05:47:53 [INFO] stage5_bind: --- Summary: 0 nodes, 0 conflicts flagged ---
05:47:53 [INFO] run_pipeline: ============================================================
05:47:53 [INFO] run_pipeline: STAGE 6: Knowledge graph visualization (optional)
05:47:53 [INFO] run_pipeline: ============================================================
05:47:53 [INFO] stage6_visualize_kg: Graph built: 0 nodes, 0 edges
05:47:53 [INFO] stage6_visualize_kg: Saved static PNG -> D:\Data\6.QJX\妗桄弝け煦昴\-\video_kg_pipeline\outputs_batch\R4_1Cell_004\knowledge_graph.png
05:47:54 [INFO] stage6_visualize_kg: Saved interactive HTML -> D:\Data\6.QJX\妗桄弝け煦昴\-\video_kg_pipeline\outputs_batch\R4_1Cell_004\knowledge_graph.html
05:47:54 [INFO] run_pipeline: Pipeline complete.
